[2m2018-06-25 10:24:24[0;39m [32m INFO[0;39m [35m4124[0;39m [2m---[0;39m [2m[           main][0;39m [36mcom.employee.EmployeeApplication        [0;39m [2m:[0;39m Starting EmployeeApplication on USHYDVAMEHTA9 with PID 4124 (C:\Users\vamehta\Downloads\source_code\source_code\Spring_Boot_Part\employee-master\employee-service\target\classes started by vamehta in C:\Users\vamehta\Downloads\source_code\source_code\Spring_Boot_Part\employee-master\employee-service)
[2m2018-06-25 10:24:24[0;39m [32m INFO[0;39m [35m4124[0;39m [2m---[0;39m [2m[           main][0;39m [36mcom.employee.EmployeeApplication        [0;39m [2m:[0;39m No active profile set, falling back to default profiles: default
[2m2018-06-25 10:24:24[0;39m [32m INFO[0;39m [35m4124[0;39m [2m---[0;39m [2m[           main][0;39m [36mationConfigEmbeddedWebApplicationContext[0;39m [2m:[0;39m Refreshing org.springframework.boot.context.embedded.AnnotationConfigEmbeddedWebApplicationContext@79d8407f: startup date [Mon Jun 25 10:24:24 IST 2018]; root of context hierarchy
[2m2018-06-25 10:24:27[0;39m [32m INFO[0;39m [35m4124[0;39m [2m---[0;39m [2m[           main][0;39m [36mtrationDelegate$BeanPostProcessorChecker[0;39m [2m:[0;39m Bean 'org.springframework.ws.config.annotation.DelegatingWsConfiguration' of type [org.springframework.ws.config.annotation.DelegatingWsConfiguration$$EnhancerBySpringCGLIB$$8e58e4fd] is not eligible for getting processed by all BeanPostProcessors (for example: not eligible for auto-proxying)
[2m2018-06-25 10:24:27[0;39m [32m INFO[0;39m [35m4124[0;39m [2m---[0;39m [2m[           main][0;39m [36m.w.s.a.s.AnnotationActionEndpointMapping[0;39m [2m:[0;39m Supporting [WS-Addressing August 2004, WS-Addressing 1.0]
[2m2018-06-25 10:24:27[0;39m [32m INFO[0;39m [35m4124[0;39m [2m---[0;39m [2m[           main][0;39m [36mtrationDelegate$BeanPostProcessorChecker[0;39m [2m:[0;39m Bean 'org.springframework.transaction.annotation.ProxyTransactionManagementConfiguration' of type [org.springframework.transaction.annotation.ProxyTransactionManagementConfiguration$$EnhancerBySpringCGLIB$$e9c11ffe] is not eligible for getting processed by all BeanPostProcessors (for example: not eligible for auto-proxying)
[2m2018-06-25 10:24:28[0;39m [32m INFO[0;39m [35m4124[0;39m [2m---[0;39m [2m[           main][0;39m [36ms.b.c.e.t.TomcatEmbeddedServletContainer[0;39m [2m:[0;39m Tomcat initialized with port(s): 8585 (http)
[2m2018-06-25 10:24:28[0;39m [32m INFO[0;39m [35m4124[0;39m [2m---[0;39m [2m[           main][0;39m [36mo.apache.catalina.core.StandardService  [0;39m [2m:[0;39m Starting service [Tomcat]
[2m2018-06-25 10:24:28[0;39m [32m INFO[0;39m [35m4124[0;39m [2m---[0;39m [2m[           main][0;39m [36morg.apache.catalina.core.StandardEngine [0;39m [2m:[0;39m Starting Servlet Engine: Apache Tomcat/8.5.20
[2m2018-06-25 10:24:28[0;39m [32m INFO[0;39m [35m4124[0;39m [2m---[0;39m [2m[ost-startStop-1][0;39m [36mo.a.c.c.C.[.[.[/employee-service]       [0;39m [2m:[0;39m Initializing Spring embedded WebApplicationContext
[2m2018-06-25 10:24:28[0;39m [32m INFO[0;39m [35m4124[0;39m [2m---[0;39m [2m[ost-startStop-1][0;39m [36mo.s.web.context.ContextLoader           [0;39m [2m:[0;39m Root WebApplicationContext: initialization completed in 4026 ms
[2m2018-06-25 10:24:29[0;39m [32m INFO[0;39m [35m4124[0;39m [2m---[0;39m [2m[ost-startStop-1][0;39m [36mo.s.b.w.servlet.FilterRegistrationBean  [0;39m [2m:[0;39m Mapping filter: 'characterEncodingFilter' to: [/*]
[2m2018-06-25 10:24:29[0;39m [32m INFO[0;39m [35m4124[0;39m [2m---[0;39m [2m[ost-startStop-1][0;39m [36mo.s.b.w.servlet.FilterRegistrationBean  [0;39m [2m:[0;39m Mapping filter: 'hiddenHttpMethodFilter' to: [/*]
[2m2018-06-25 10:24:29[0;39m [32m INFO[0;39m [35m4124[0;39m [2m---[0;39m [2m[ost-startStop-1][0;39m [36mo.s.b.w.servlet.FilterRegistrationBean  [0;39m [2m:[0;39m Mapping filter: 'httpPutFormContentFilter' to: [/*]
[2m2018-06-25 10:24:29[0;39m [32m INFO[0;39m [35m4124[0;39m [2m---[0;39m [2m[ost-startStop-1][0;39m [36mo.s.b.w.servlet.FilterRegistrationBean  [0;39m [2m:[0;39m Mapping filter: 'requestContextFilter' to: [/*]
[2m2018-06-25 10:24:29[0;39m [32m INFO[0;39m [35m4124[0;39m [2m---[0;39m [2m[ost-startStop-1][0;39m [36m.s.DelegatingFilterProxyRegistrationBean[0;39m [2m:[0;39m Mapping filter: 'springSecurityFilterChain' to: [/*]
[2m2018-06-25 10:24:29[0;39m [32m INFO[0;39m [35m4124[0;39m [2m---[0;39m [2m[ost-startStop-1][0;39m [36mo.s.b.w.servlet.ServletRegistrationBean [0;39m [2m:[0;39m Mapping servlet: 'dispatcherServlet' to [/]
[2m2018-06-25 10:24:29[0;39m [32m INFO[0;39m [35m4124[0;39m [2m---[0;39m [2m[ost-startStop-1][0;39m [36mo.s.b.w.servlet.ServletRegistrationBean [0;39m [2m:[0;39m Mapping servlet: 'webServlet' to [/h2/*]
[2m2018-06-25 10:24:29[0;39m [32m INFO[0;39m [35m4124[0;39m [2m---[0;39m [2m[ost-startStop-1][0;39m [36mo.s.b.w.servlet.ServletRegistrationBean [0;39m [2m:[0;39m Mapping servlet: 'messageDispatcherServlet' to [/services/*]
[2m2018-06-25 10:24:30[0;39m [32m INFO[0;39m [35m4124[0;39m [2m---[0;39m [2m[           main][0;39m [36mcom.zaxxer.hikari.HikariDataSource      [0;39m [2m:[0;39m HikariPool-1 - Started.
[2m2018-06-25 10:24:30[0;39m [32m INFO[0;39m [35m4124[0;39m [2m---[0;39m [2m[           main][0;39m [36mj.LocalContainerEntityManagerFactoryBean[0;39m [2m:[0;39m Building JPA container EntityManagerFactory for persistence unit 'default'
[2m2018-06-25 10:24:30[0;39m [32m INFO[0;39m [35m4124[0;39m [2m---[0;39m [2m[           main][0;39m [36mo.hibernate.jpa.internal.util.LogHelper [0;39m [2m:[0;39m HHH000204: Processing PersistenceUnitInfo [
	name: default
	...]
[2m2018-06-25 10:24:30[0;39m [32m INFO[0;39m [35m4124[0;39m [2m---[0;39m [2m[           main][0;39m [36morg.hibernate.Version                   [0;39m [2m:[0;39m HHH000412: Hibernate Core {5.0.12.Final}
[2m2018-06-25 10:24:30[0;39m [32m INFO[0;39m [35m4124[0;39m [2m---[0;39m [2m[           main][0;39m [36morg.hibernate.cfg.Environment           [0;39m [2m:[0;39m HHH000206: hibernate.properties not found
[2m2018-06-25 10:24:30[0;39m [32m INFO[0;39m [35m4124[0;39m [2m---[0;39m [2m[           main][0;39m [36morg.hibernate.cfg.Environment           [0;39m [2m:[0;39m HHH000021: Bytecode provider name : javassist
[2m2018-06-25 10:24:30[0;39m [32m INFO[0;39m [35m4124[0;39m [2m---[0;39m [2m[           main][0;39m [36mo.hibernate.annotations.common.Version  [0;39m [2m:[0;39m HCANN000001: Hibernate Commons Annotations {5.0.1.Final}
[2m2018-06-25 10:24:31[0;39m [32m INFO[0;39m [35m4124[0;39m [2m---[0;39m [2m[           main][0;39m [36morg.hibernate.dialect.Dialect           [0;39m [2m:[0;39m HHH000400: Using dialect: org.hibernate.dialect.H2Dialect
[2m2018-06-25 10:24:31[0;39m [32m INFO[0;39m [35m4124[0;39m [2m---[0;39m [2m[           main][0;39m [36morg.hibernate.tool.hbm2ddl.SchemaExport [0;39m [2m:[0;39m HHH000227: Running hbm2ddl schema export
[2m2018-06-25 10:24:31[0;39m [32m INFO[0;39m [35m4124[0;39m [2m---[0;39m [2m[           main][0;39m [36morg.hibernate.tool.hbm2ddl.SchemaExport [0;39m [2m:[0;39m HHH000230: Schema export complete
[2m2018-06-25 10:24:31[0;39m [32m INFO[0;39m [35m4124[0;39m [2m---[0;39m [2m[           main][0;39m [36mj.LocalContainerEntityManagerFactoryBean[0;39m [2m:[0;39m Initialized JPA EntityManagerFactory for persistence unit 'default'
[2m2018-06-25 10:24:31[0;39m [32m INFO[0;39m [35m4124[0;39m [2m---[0;39m [2m[           main][0;39m [36mo.s.jdbc.datasource.init.ScriptUtils    [0;39m [2m:[0;39m Executing SQL script from URL [file:/C:/Users/vamehta/Downloads/source_code/source_code/Spring_Boot_Part/employee-master/employee-service/target/classes/data.sql]
[2m2018-06-25 10:24:31[0;39m [32m INFO[0;39m [35m4124[0;39m [2m---[0;39m [2m[           main][0;39m [36mo.s.jdbc.datasource.init.ScriptUtils    [0;39m [2m:[0;39m Executed SQL script from URL [file:/C:/Users/vamehta/Downloads/source_code/source_code/Spring_Boot_Part/employee-master/employee-service/target/classes/data.sql] in 5 ms.
[2m2018-06-25 10:24:32[0;39m [32m INFO[0;39m [35m4124[0;39m [2m---[0;39m [2m[           main][0;39m [36mo.h.h.i.QueryTranslatorFactoryInitiator [0;39m [2m:[0;39m HHH000397: Using ASTQueryTranslatorFactory
[2m2018-06-25 10:24:33[0;39m [32m INFO[0;39m [35m4124[0;39m [2m---[0;39m [2m[           main][0;39m [36ms.w.s.m.m.a.RequestMappingHandlerMapping[0;39m [2m:[0;39m Mapped "{[/employeedetail],methods=[GET],produces=[application/json;charset=utf-8]}" onto public java.util.List<com.employee.dto.EmployeeDTO> com.employee.controller.EmployeeController.getEmployeesEntry(javax.servlet.http.HttpServletRequest) throws javassist.NotFoundException
[2m2018-06-25 10:24:33[0;39m [32m INFO[0;39m [35m4124[0;39m [2m---[0;39m [2m[           main][0;39m [36ms.w.s.m.m.a.RequestMappingHandlerMapping[0;39m [2m:[0;39m Mapped "{[/EmployeeAuthentication],methods=[POST],consumes=[application/json;charset=utf-8]}" onto public com.employee.dto.EmployeeDTO com.employee.controller.EmployeeController.getEmployeeAuthentication(javax.servlet.http.HttpServletRequest,javax.servlet.http.HttpServletResponse,com.employee.dto.EmployeeDTO)
[2m2018-06-25 10:24:33[0;39m [32m INFO[0;39m [35m4124[0;39m [2m---[0;39m [2m[           main][0;39m [36ms.w.s.m.m.a.RequestMappingHandlerMapping[0;39m [2m:[0;39m Mapped "{[/EmployeeRegistration],methods=[POST],consumes=[application/json;charset=utf-8]}" onto public com.employee.dto.EmployeeDTO com.employee.controller.EmployeeController.createEmployeeRegistrationEntry(javax.servlet.http.HttpServletRequest,javax.servlet.http.HttpServletResponse,com.employee.dto.EmployeeDTO)
[2m2018-06-25 10:24:33[0;39m [32m INFO[0;39m [35m4124[0;39m [2m---[0;39m [2m[           main][0;39m [36ms.w.s.m.m.a.RequestMappingHandlerMapping[0;39m [2m:[0;39m Mapped "{[/swagger-resources]}" onto public org.springframework.http.ResponseEntity<java.util.List<springfox.documentation.swagger.web.SwaggerResource>> springfox.documentation.swagger.web.ApiResourceController.swaggerResources()
[2m2018-06-25 10:24:33[0;39m [32m INFO[0;39m [35m4124[0;39m [2m---[0;39m [2m[           main][0;39m [36ms.w.s.m.m.a.RequestMappingHandlerMapping[0;39m [2m:[0;39m Mapped "{[/swagger-resources/configuration/ui]}" onto public org.springframework.http.ResponseEntity<springfox.documentation.swagger.web.UiConfiguration> springfox.documentation.swagger.web.ApiResourceController.uiConfiguration()
[2m2018-06-25 10:24:33[0;39m [32m INFO[0;39m [35m4124[0;39m [2m---[0;39m [2m[           main][0;39m [36ms.w.s.m.m.a.RequestMappingHandlerMapping[0;39m [2m:[0;39m Mapped "{[/swagger-resources/configuration/security]}" onto public org.springframework.http.ResponseEntity<springfox.documentation.swagger.web.SecurityConfiguration> springfox.documentation.swagger.web.ApiResourceController.securityConfiguration()
[2m2018-06-25 10:24:33[0;39m [32m INFO[0;39m [35m4124[0;39m [2m---[0;39m [2m[           main][0;39m [36ms.w.s.m.m.a.RequestMappingHandlerMapping[0;39m [2m:[0;39m Mapped "{[/error]}" onto public org.springframework.http.ResponseEntity<java.util.Map<java.lang.String, java.lang.Object>> org.springframework.boot.autoconfigure.web.BasicErrorController.error(javax.servlet.http.HttpServletRequest)
[2m2018-06-25 10:24:33[0;39m [32m INFO[0;39m [35m4124[0;39m [2m---[0;39m [2m[           main][0;39m [36ms.w.s.m.m.a.RequestMappingHandlerMapping[0;39m [2m:[0;39m Mapped "{[/error],produces=[text/html]}" onto public org.springframework.web.servlet.ModelAndView org.springframework.boot.autoconfigure.web.BasicErrorController.errorHtml(javax.servlet.http.HttpServletRequest,javax.servlet.http.HttpServletResponse)
[2m2018-06-25 10:24:34[0;39m [32m INFO[0;39m [35m4124[0;39m [2m---[0;39m [2m[           main][0;39m [36mpertySourcedRequestMappingHandlerMapping[0;39m [2m:[0;39m Mapped URL path [/v2/api-docs] onto method [public org.springframework.http.ResponseEntity<springfox.documentation.spring.web.json.Json> springfox.documentation.swagger2.web.Swagger2Controller.getDocumentation(java.lang.String,javax.servlet.http.HttpServletRequest)]
[2m2018-06-25 10:24:35[0;39m [32m INFO[0;39m [35m4124[0;39m [2m---[0;39m [2m[           main][0;39m [36ms.w.s.m.m.a.RequestMappingHandlerAdapter[0;39m [2m:[0;39m Looking for @ControllerAdvice: org.springframework.boot.context.embedded.AnnotationConfigEmbeddedWebApplicationContext@79d8407f: startup date [Mon Jun 25 10:24:24 IST 2018]; root of context hierarchy
[2m2018-06-25 10:24:35[0;39m [32m INFO[0;39m [35m4124[0;39m [2m---[0;39m [2m[           main][0;39m [36mo.s.w.s.handler.SimpleUrlHandlerMapping [0;39m [2m:[0;39m Mapped URL path [/webjars/**] onto handler of type [class org.springframework.web.servlet.resource.ResourceHttpRequestHandler]
[2m2018-06-25 10:24:35[0;39m [32m INFO[0;39m [35m4124[0;39m [2m---[0;39m [2m[           main][0;39m [36mo.s.w.s.handler.SimpleUrlHandlerMapping [0;39m [2m:[0;39m Mapped URL path [/**] onto handler of type [class org.springframework.web.servlet.resource.ResourceHttpRequestHandler]
[2m2018-06-25 10:24:35[0;39m [32m INFO[0;39m [35m4124[0;39m [2m---[0;39m [2m[           main][0;39m [36m.m.m.a.ExceptionHandlerExceptionResolver[0;39m [2m:[0;39m Detected @ExceptionHandler methods in commonExceptionHandler
[2m2018-06-25 10:24:35[0;39m [32m INFO[0;39m [35m4124[0;39m [2m---[0;39m [2m[           main][0;39m [36mo.s.w.s.handler.SimpleUrlHandlerMapping [0;39m [2m:[0;39m Mapped URL path [/**/favicon.ico] onto handler of type [class org.springframework.web.servlet.resource.ResourceHttpRequestHandler]
[2m2018-06-25 10:24:35[0;39m [32m INFO[0;39m [35m4124[0;39m [2m---[0;39m [2m[           main][0;39m [36moConfiguration$WelcomePageHandlerMapping[0;39m [2m:[0;39m Adding welcome page: class path resource [static/index.html]
[2m2018-06-25 10:24:36[0;39m [32m INFO[0;39m [35m4124[0;39m [2m---[0;39m [2m[           main][0;39m [36mo.s.s.web.DefaultSecurityFilterChain    [0;39m [2m:[0;39m Creating filter chain: OrRequestMatcher [requestMatchers=[Ant [pattern='/**'], Ant [pattern='/error']]], []
[2m2018-06-25 10:24:36[0;39m [32m INFO[0;39m [35m4124[0;39m [2m---[0;39m [2m[           main][0;39m [36mo.s.s.web.DefaultSecurityFilterChain    [0;39m [2m:[0;39m Creating filter chain: Ant [pattern='/h2/**'], [org.springframework.security.web.context.request.async.WebAsyncManagerIntegrationFilter@1d535b78, org.springframework.security.web.context.SecurityContextPersistenceFilter@fd0e118, org.springframework.security.web.header.HeaderWriterFilter@eebd983, org.springframework.security.web.authentication.logout.LogoutFilter@22cb8e5f, org.springframework.security.web.authentication.www.BasicAuthenticationFilter@7efa366, org.springframework.security.web.savedrequest.RequestCacheAwareFilter@96dfcbb, org.springframework.security.web.servletapi.SecurityContextHolderAwareRequestFilter@3e0e0ba7, org.springframework.security.web.authentication.AnonymousAuthenticationFilter@35cf91df, org.springframework.security.web.session.SessionManagementFilter@42f2cae8, org.springframework.security.web.access.ExceptionTranslationFilter@5cdc8499, org.springframework.security.web.access.intercept.FilterSecurityInterceptor@3a45308f]
[2m2018-06-25 10:24:36[0;39m [32m INFO[0;39m [35m4124[0;39m [2m---[0;39m [2m[           main][0;39m [36mo.s.s.web.DefaultSecurityFilterChain    [0;39m [2m:[0;39m Creating filter chain: OrRequestMatcher [requestMatchers=[Ant [pattern='/**']]], [org.springframework.security.web.context.request.async.WebAsyncManagerIntegrationFilter@4fb99927, org.springframework.security.web.context.SecurityContextPersistenceFilter@1e36baca, org.springframework.security.web.header.HeaderWriterFilter@79349b61, org.springframework.security.web.authentication.logout.LogoutFilter@42c55978, org.springframework.security.web.authentication.www.BasicAuthenticationFilter@690e4b00, org.springframework.security.web.savedrequest.RequestCacheAwareFilter@3dfa2f64, org.springframework.security.web.servletapi.SecurityContextHolderAwareRequestFilter@60484429, org.springframework.security.web.authentication.AnonymousAuthenticationFilter@2d9df336, org.springframework.security.web.session.SessionManagementFilter@62581ef6, org.springframework.security.web.access.ExceptionTranslationFilter@18e76101, org.springframework.security.web.access.intercept.FilterSecurityInterceptor@54033a65]
[2m2018-06-25 10:24:37[0;39m [32m INFO[0;39m [35m4124[0;39m [2m---[0;39m [2m[           main][0;39m [36mo.s.j.e.a.AnnotationMBeanExporter       [0;39m [2m:[0;39m Registering beans for JMX exposure on startup
[2m2018-06-25 10:24:37[0;39m [32m INFO[0;39m [35m4124[0;39m [2m---[0;39m [2m[           main][0;39m [36mo.s.j.e.a.AnnotationMBeanExporter       [0;39m [2m:[0;39m Bean with name 'dataSource' has been autodetected for JMX exposure
[2m2018-06-25 10:24:37[0;39m [32m INFO[0;39m [35m4124[0;39m [2m---[0;39m [2m[           main][0;39m [36mo.s.j.e.a.AnnotationMBeanExporter       [0;39m [2m:[0;39m Located MBean 'dataSource': registering with JMX server as MBean [com.zaxxer.hikari:name=dataSource,type=HikariDataSource]
[2m2018-06-25 10:24:37[0;39m [32m INFO[0;39m [35m4124[0;39m [2m---[0;39m [2m[           main][0;39m [36mo.s.c.support.DefaultLifecycleProcessor [0;39m [2m:[0;39m Starting beans in phase 2147483647
[2m2018-06-25 10:24:37[0;39m [32m INFO[0;39m [35m4124[0;39m [2m---[0;39m [2m[           main][0;39m [36md.s.w.p.DocumentationPluginsBootstrapper[0;39m [2m:[0;39m Context refreshed
[2m2018-06-25 10:24:37[0;39m [32m INFO[0;39m [35m4124[0;39m [2m---[0;39m [2m[           main][0;39m [36md.s.w.p.DocumentationPluginsBootstrapper[0;39m [2m:[0;39m Found 1 custom documentation plugin(s)
[2m2018-06-25 10:24:37[0;39m [32m INFO[0;39m [35m4124[0;39m [2m---[0;39m [2m[           main][0;39m [36ms.d.s.w.s.ApiListingReferenceScanner    [0;39m [2m:[0;39m Scanning for api listing references
[2m2018-06-25 10:24:37[0;39m [32m INFO[0;39m [35m4124[0;39m [2m---[0;39m [2m[           main][0;39m [36ms.b.c.e.t.TomcatEmbeddedServletContainer[0;39m [2m:[0;39m Tomcat started on port(s): 8585 (http)
[2m2018-06-25 10:24:37[0;39m [32m INFO[0;39m [35m4124[0;39m [2m---[0;39m [2m[           main][0;39m [36mcom.employee.EmployeeApplication        [0;39m [2m:[0;39m Started EmployeeApplication in 14.184 seconds (JVM running for 15.413)
[2m2018-06-25 10:25:16[0;39m [32m INFO[0;39m [35m4124[0;39m [2m---[0;39m [2m[nio-8585-exec-7][0;39m [36mo.a.c.c.C.[.[.[/employee-service]       [0;39m [2m:[0;39m Initializing Spring FrameworkServlet 'dispatcherServlet'
[2m2018-06-25 10:25:16[0;39m [32m INFO[0;39m [35m4124[0;39m [2m---[0;39m [2m[nio-8585-exec-7][0;39m [36mo.s.web.servlet.DispatcherServlet       [0;39m [2m:[0;39m FrameworkServlet 'dispatcherServlet': initialization started
[2m2018-06-25 10:25:16[0;39m [32m INFO[0;39m [35m4124[0;39m [2m---[0;39m [2m[nio-8585-exec-7][0;39m [36mo.s.web.servlet.DispatcherServlet       [0;39m [2m:[0;39m FrameworkServlet 'dispatcherServlet': initialization completed in 166 ms
[2m2018-06-25 10:25:33[0;39m [32m INFO[0;39m [35m4124[0;39m [2m---[0;39m [2m[on(8)-127.0.0.1][0;39m [36minMXBeanRegistrar$SpringApplicationAdmin[0;39m [2m:[0;39m Application shutdown requested.
[2m2018-06-25 10:25:33[0;39m [32m INFO[0;39m [35m4124[0;39m [2m---[0;39m [2m[on(8)-127.0.0.1][0;39m [36mationConfigEmbeddedWebApplicationContext[0;39m [2m:[0;39m Closing org.springframework.boot.context.embedded.AnnotationConfigEmbeddedWebApplicationContext@79d8407f: startup date [Mon Jun 25 10:24:24 IST 2018]; root of context hierarchy
[2m2018-06-25 10:25:33[0;39m [32m INFO[0;39m [35m4124[0;39m [2m---[0;39m [2m[on(8)-127.0.0.1][0;39m [36mo.s.c.support.DefaultLifecycleProcessor [0;39m [2m:[0;39m Stopping beans in phase 2147483647
[2m2018-06-25 10:25:33[0;39m [32m INFO[0;39m [35m4124[0;39m [2m---[0;39m [2m[on(8)-127.0.0.1][0;39m [36mo.s.j.e.a.AnnotationMBeanExporter       [0;39m [2m:[0;39m Unregistering JMX-exposed beans on shutdown
[2m2018-06-25 10:25:33[0;39m [32m INFO[0;39m [35m4124[0;39m [2m---[0;39m [2m[on(8)-127.0.0.1][0;39m [36mo.s.j.e.a.AnnotationMBeanExporter       [0;39m [2m:[0;39m Unregistering JMX-exposed beans
[2m2018-06-25 10:25:33[0;39m [32m INFO[0;39m [35m4124[0;39m [2m---[0;39m [2m[on(8)-127.0.0.1][0;39m [36mj.LocalContainerEntityManagerFactoryBean[0;39m [2m:[0;39m Closing JPA EntityManagerFactory for persistence unit 'default'
[2m2018-06-25 10:25:33[0;39m [32m INFO[0;39m [35m4124[0;39m [2m---[0;39m [2m[on(8)-127.0.0.1][0;39m [36morg.hibernate.tool.hbm2ddl.SchemaExport [0;39m [2m:[0;39m HHH000227: Running hbm2ddl schema export
[2m2018-06-25 10:25:33[0;39m [32m INFO[0;39m [35m4124[0;39m [2m---[0;39m [2m[on(8)-127.0.0.1][0;39m [36morg.hibernate.tool.hbm2ddl.SchemaExport [0;39m [2m:[0;39m HHH000230: Schema export complete
[2m2018-06-25 10:25:33[0;39m [32m INFO[0;39m [35m4124[0;39m [2m---[0;39m [2m[on(8)-127.0.0.1][0;39m [36mcom.zaxxer.hikari.pool.HikariPool       [0;39m [2m:[0;39m HikariPool-1 - Close initiated...
[2m2018-06-25 10:25:33[0;39m [32m INFO[0;39m [35m4124[0;39m [2m---[0;39m [2m[on(8)-127.0.0.1][0;39m [36mcom.zaxxer.hikari.pool.HikariPool       [0;39m [2m:[0;39m HikariPool-1 - Closed.
[2m2018-06-25 10:26:44[0;39m [32m INFO[0;39m [35m4404[0;39m [2m---[0;39m [2m[           main][0;39m [36mcom.employee.EmployeeApplication        [0;39m [2m:[0;39m Starting EmployeeApplication on USHYDVAMEHTA9 with PID 4404 (C:\Users\vamehta\Downloads\source_code\source_code\Spring_Boot_Part\employee-master\employee-service\target\classes started by vamehta in C:\Users\vamehta\Downloads\source_code\source_code\Spring_Boot_Part\employee-master\employee-service)
[2m2018-06-25 10:26:44[0;39m [32m INFO[0;39m [35m4404[0;39m [2m---[0;39m [2m[           main][0;39m [36mcom.employee.EmployeeApplication        [0;39m [2m:[0;39m No active profile set, falling back to default profiles: default
[2m2018-06-25 10:26:44[0;39m [32m INFO[0;39m [35m4404[0;39m [2m---[0;39m [2m[           main][0;39m [36mationConfigEmbeddedWebApplicationContext[0;39m [2m:[0;39m Refreshing org.springframework.boot.context.embedded.AnnotationConfigEmbeddedWebApplicationContext@79d8407f: startup date [Mon Jun 25 10:26:44 IST 2018]; root of context hierarchy
[2m2018-06-25 10:26:48[0;39m [32m INFO[0;39m [35m4404[0;39m [2m---[0;39m [2m[           main][0;39m [36mtrationDelegate$BeanPostProcessorChecker[0;39m [2m:[0;39m Bean 'org.springframework.ws.config.annotation.DelegatingWsConfiguration' of type [org.springframework.ws.config.annotation.DelegatingWsConfiguration$$EnhancerBySpringCGLIB$$936572f8] is not eligible for getting processed by all BeanPostProcessors (for example: not eligible for auto-proxying)
[2m2018-06-25 10:26:48[0;39m [32m INFO[0;39m [35m4404[0;39m [2m---[0;39m [2m[           main][0;39m [36m.w.s.a.s.AnnotationActionEndpointMapping[0;39m [2m:[0;39m Supporting [WS-Addressing August 2004, WS-Addressing 1.0]
[2m2018-06-25 10:26:48[0;39m [32m INFO[0;39m [35m4404[0;39m [2m---[0;39m [2m[           main][0;39m [36mtrationDelegate$BeanPostProcessorChecker[0;39m [2m:[0;39m Bean 'org.springframework.transaction.annotation.ProxyTransactionManagementConfiguration' of type [org.springframework.transaction.annotation.ProxyTransactionManagementConfiguration$$EnhancerBySpringCGLIB$$eecdadf9] is not eligible for getting processed by all BeanPostProcessors (for example: not eligible for auto-proxying)
[2m2018-06-25 10:26:49[0;39m [32m INFO[0;39m [35m4404[0;39m [2m---[0;39m [2m[           main][0;39m [36ms.b.c.e.t.TomcatEmbeddedServletContainer[0;39m [2m:[0;39m Tomcat initialized with port(s): 8585 (http)
[2m2018-06-25 10:26:49[0;39m [32m INFO[0;39m [35m4404[0;39m [2m---[0;39m [2m[           main][0;39m [36mo.apache.catalina.core.StandardService  [0;39m [2m:[0;39m Starting service [Tomcat]
[2m2018-06-25 10:26:49[0;39m [32m INFO[0;39m [35m4404[0;39m [2m---[0;39m [2m[           main][0;39m [36morg.apache.catalina.core.StandardEngine [0;39m [2m:[0;39m Starting Servlet Engine: Apache Tomcat/8.5.20
[2m2018-06-25 10:26:49[0;39m [32m INFO[0;39m [35m4404[0;39m [2m---[0;39m [2m[ost-startStop-1][0;39m [36mo.a.c.c.C.[Tomcat].[localhost].[/]      [0;39m [2m:[0;39m Initializing Spring embedded WebApplicationContext
[2m2018-06-25 10:26:49[0;39m [32m INFO[0;39m [35m4404[0;39m [2m---[0;39m [2m[ost-startStop-1][0;39m [36mo.s.web.context.ContextLoader           [0;39m [2m:[0;39m Root WebApplicationContext: initialization completed in 5201 ms
[2m2018-06-25 10:26:50[0;39m [32m INFO[0;39m [35m4404[0;39m [2m---[0;39m [2m[ost-startStop-1][0;39m [36mo.s.b.w.servlet.FilterRegistrationBean  [0;39m [2m:[0;39m Mapping filter: 'characterEncodingFilter' to: [/*]
[2m2018-06-25 10:26:50[0;39m [32m INFO[0;39m [35m4404[0;39m [2m---[0;39m [2m[ost-startStop-1][0;39m [36mo.s.b.w.servlet.FilterRegistrationBean  [0;39m [2m:[0;39m Mapping filter: 'hiddenHttpMethodFilter' to: [/*]
[2m2018-06-25 10:26:50[0;39m [32m INFO[0;39m [35m4404[0;39m [2m---[0;39m [2m[ost-startStop-1][0;39m [36mo.s.b.w.servlet.FilterRegistrationBean  [0;39m [2m:[0;39m Mapping filter: 'httpPutFormContentFilter' to: [/*]
[2m2018-06-25 10:26:50[0;39m [32m INFO[0;39m [35m4404[0;39m [2m---[0;39m [2m[ost-startStop-1][0;39m [36mo.s.b.w.servlet.FilterRegistrationBean  [0;39m [2m:[0;39m Mapping filter: 'requestContextFilter' to: [/*]
[2m2018-06-25 10:26:50[0;39m [32m INFO[0;39m [35m4404[0;39m [2m---[0;39m [2m[ost-startStop-1][0;39m [36m.s.DelegatingFilterProxyRegistrationBean[0;39m [2m:[0;39m Mapping filter: 'springSecurityFilterChain' to: [/*]
[2m2018-06-25 10:26:50[0;39m [32m INFO[0;39m [35m4404[0;39m [2m---[0;39m [2m[ost-startStop-1][0;39m [36mo.s.b.w.servlet.ServletRegistrationBean [0;39m [2m:[0;39m Mapping servlet: 'dispatcherServlet' to [/]
[2m2018-06-25 10:26:50[0;39m [32m INFO[0;39m [35m4404[0;39m [2m---[0;39m [2m[ost-startStop-1][0;39m [36mo.s.b.w.servlet.ServletRegistrationBean [0;39m [2m:[0;39m Mapping servlet: 'webServlet' to [/h2/*]
[2m2018-06-25 10:26:50[0;39m [32m INFO[0;39m [35m4404[0;39m [2m---[0;39m [2m[ost-startStop-1][0;39m [36mo.s.b.w.servlet.ServletRegistrationBean [0;39m [2m:[0;39m Mapping servlet: 'messageDispatcherServlet' to [/services/*]
[2m2018-06-25 10:26:51[0;39m [32m INFO[0;39m [35m4404[0;39m [2m---[0;39m [2m[           main][0;39m [36mcom.zaxxer.hikari.HikariDataSource      [0;39m [2m:[0;39m HikariPool-1 - Started.
[2m2018-06-25 10:26:51[0;39m [32m INFO[0;39m [35m4404[0;39m [2m---[0;39m [2m[           main][0;39m [36mj.LocalContainerEntityManagerFactoryBean[0;39m [2m:[0;39m Building JPA container EntityManagerFactory for persistence unit 'default'
[2m2018-06-25 10:26:51[0;39m [32m INFO[0;39m [35m4404[0;39m [2m---[0;39m [2m[           main][0;39m [36mo.hibernate.jpa.internal.util.LogHelper [0;39m [2m:[0;39m HHH000204: Processing PersistenceUnitInfo [
	name: default
	...]
[2m2018-06-25 10:26:51[0;39m [32m INFO[0;39m [35m4404[0;39m [2m---[0;39m [2m[           main][0;39m [36morg.hibernate.Version                   [0;39m [2m:[0;39m HHH000412: Hibernate Core {5.0.12.Final}
[2m2018-06-25 10:26:51[0;39m [32m INFO[0;39m [35m4404[0;39m [2m---[0;39m [2m[           main][0;39m [36morg.hibernate.cfg.Environment           [0;39m [2m:[0;39m HHH000206: hibernate.properties not found
[2m2018-06-25 10:26:51[0;39m [32m INFO[0;39m [35m4404[0;39m [2m---[0;39m [2m[           main][0;39m [36morg.hibernate.cfg.Environment           [0;39m [2m:[0;39m HHH000021: Bytecode provider name : javassist
[2m2018-06-25 10:26:51[0;39m [32m INFO[0;39m [35m4404[0;39m [2m---[0;39m [2m[           main][0;39m [36mo.hibernate.annotations.common.Version  [0;39m [2m:[0;39m HCANN000001: Hibernate Commons Annotations {5.0.1.Final}
[2m2018-06-25 10:26:52[0;39m [32m INFO[0;39m [35m4404[0;39m [2m---[0;39m [2m[           main][0;39m [36morg.hibernate.dialect.Dialect           [0;39m [2m:[0;39m HHH000400: Using dialect: org.hibernate.dialect.H2Dialect
[2m2018-06-25 10:26:53[0;39m [32m INFO[0;39m [35m4404[0;39m [2m---[0;39m [2m[           main][0;39m [36morg.hibernate.tool.hbm2ddl.SchemaExport [0;39m [2m:[0;39m HHH000227: Running hbm2ddl schema export
[2m2018-06-25 10:26:53[0;39m [32m INFO[0;39m [35m4404[0;39m [2m---[0;39m [2m[           main][0;39m [36morg.hibernate.tool.hbm2ddl.SchemaExport [0;39m [2m:[0;39m HHH000230: Schema export complete
[2m2018-06-25 10:26:53[0;39m [32m INFO[0;39m [35m4404[0;39m [2m---[0;39m [2m[           main][0;39m [36mj.LocalContainerEntityManagerFactoryBean[0;39m [2m:[0;39m Initialized JPA EntityManagerFactory for persistence unit 'default'
[2m2018-06-25 10:26:53[0;39m [32m INFO[0;39m [35m4404[0;39m [2m---[0;39m [2m[           main][0;39m [36mo.s.jdbc.datasource.init.ScriptUtils    [0;39m [2m:[0;39m Executing SQL script from URL [file:/C:/Users/vamehta/Downloads/source_code/source_code/Spring_Boot_Part/employee-master/employee-service/target/classes/data.sql]
[2m2018-06-25 10:26:53[0;39m [32m INFO[0;39m [35m4404[0;39m [2m---[0;39m [2m[           main][0;39m [36mo.s.jdbc.datasource.init.ScriptUtils    [0;39m [2m:[0;39m Executed SQL script from URL [file:/C:/Users/vamehta/Downloads/source_code/source_code/Spring_Boot_Part/employee-master/employee-service/target/classes/data.sql] in 12 ms.
[2m2018-06-25 10:26:54[0;39m [32m INFO[0;39m [35m4404[0;39m [2m---[0;39m [2m[           main][0;39m [36mo.h.h.i.QueryTranslatorFactoryInitiator [0;39m [2m:[0;39m HHH000397: Using ASTQueryTranslatorFactory
[2m2018-06-25 10:26:55[0;39m [32m INFO[0;39m [35m4404[0;39m [2m---[0;39m [2m[           main][0;39m [36ms.w.s.m.m.a.RequestMappingHandlerMapping[0;39m [2m:[0;39m Mapped "{[/EmployeeRegistration],methods=[POST],consumes=[application/json;charset=utf-8]}" onto public com.employee.dto.EmployeeDTO com.employee.controller.EmployeeController.createEmployeeRegistrationEntry(javax.servlet.http.HttpServletRequest,javax.servlet.http.HttpServletResponse,com.employee.dto.EmployeeDTO)
[2m2018-06-25 10:26:55[0;39m [32m INFO[0;39m [35m4404[0;39m [2m---[0;39m [2m[           main][0;39m [36ms.w.s.m.m.a.RequestMappingHandlerMapping[0;39m [2m:[0;39m Mapped "{[/EmployeeAuthentication],methods=[POST],consumes=[application/json;charset=utf-8]}" onto public com.employee.dto.EmployeeDTO com.employee.controller.EmployeeController.getEmployeeAuthentication(javax.servlet.http.HttpServletRequest,javax.servlet.http.HttpServletResponse,com.employee.dto.EmployeeDTO)
[2m2018-06-25 10:26:55[0;39m [32m INFO[0;39m [35m4404[0;39m [2m---[0;39m [2m[           main][0;39m [36ms.w.s.m.m.a.RequestMappingHandlerMapping[0;39m [2m:[0;39m Mapped "{[/employeedetail],methods=[GET],produces=[application/json;charset=utf-8]}" onto public java.util.List<com.employee.dto.EmployeeDTO> com.employee.controller.EmployeeController.getEmployeesEntry(javax.servlet.http.HttpServletRequest) throws javassist.NotFoundException
[2m2018-06-25 10:26:55[0;39m [32m INFO[0;39m [35m4404[0;39m [2m---[0;39m [2m[           main][0;39m [36ms.w.s.m.m.a.RequestMappingHandlerMapping[0;39m [2m:[0;39m Mapped "{[/swagger-resources]}" onto public org.springframework.http.ResponseEntity<java.util.List<springfox.documentation.swagger.web.SwaggerResource>> springfox.documentation.swagger.web.ApiResourceController.swaggerResources()
[2m2018-06-25 10:26:55[0;39m [32m INFO[0;39m [35m4404[0;39m [2m---[0;39m [2m[           main][0;39m [36ms.w.s.m.m.a.RequestMappingHandlerMapping[0;39m [2m:[0;39m Mapped "{[/swagger-resources/configuration/ui]}" onto public org.springframework.http.ResponseEntity<springfox.documentation.swagger.web.UiConfiguration> springfox.documentation.swagger.web.ApiResourceController.uiConfiguration()
[2m2018-06-25 10:26:55[0;39m [32m INFO[0;39m [35m4404[0;39m [2m---[0;39m [2m[           main][0;39m [36ms.w.s.m.m.a.RequestMappingHandlerMapping[0;39m [2m:[0;39m Mapped "{[/swagger-resources/configuration/security]}" onto public org.springframework.http.ResponseEntity<springfox.documentation.swagger.web.SecurityConfiguration> springfox.documentation.swagger.web.ApiResourceController.securityConfiguration()
[2m2018-06-25 10:26:55[0;39m [32m INFO[0;39m [35m4404[0;39m [2m---[0;39m [2m[           main][0;39m [36ms.w.s.m.m.a.RequestMappingHandlerMapping[0;39m [2m:[0;39m Mapped "{[/error]}" onto public org.springframework.http.ResponseEntity<java.util.Map<java.lang.String, java.lang.Object>> org.springframework.boot.autoconfigure.web.BasicErrorController.error(javax.servlet.http.HttpServletRequest)
[2m2018-06-25 10:26:55[0;39m [32m INFO[0;39m [35m4404[0;39m [2m---[0;39m [2m[           main][0;39m [36ms.w.s.m.m.a.RequestMappingHandlerMapping[0;39m [2m:[0;39m Mapped "{[/error],produces=[text/html]}" onto public org.springframework.web.servlet.ModelAndView org.springframework.boot.autoconfigure.web.BasicErrorController.errorHtml(javax.servlet.http.HttpServletRequest,javax.servlet.http.HttpServletResponse)
[2m2018-06-25 10:26:56[0;39m [32m INFO[0;39m [35m4404[0;39m [2m---[0;39m [2m[           main][0;39m [36mpertySourcedRequestMappingHandlerMapping[0;39m [2m:[0;39m Mapped URL path [/v2/api-docs] onto method [public org.springframework.http.ResponseEntity<springfox.documentation.spring.web.json.Json> springfox.documentation.swagger2.web.Swagger2Controller.getDocumentation(java.lang.String,javax.servlet.http.HttpServletRequest)]
[2m2018-06-25 10:26:57[0;39m [32m INFO[0;39m [35m4404[0;39m [2m---[0;39m [2m[           main][0;39m [36ms.w.s.m.m.a.RequestMappingHandlerAdapter[0;39m [2m:[0;39m Looking for @ControllerAdvice: org.springframework.boot.context.embedded.AnnotationConfigEmbeddedWebApplicationContext@79d8407f: startup date [Mon Jun 25 10:26:44 IST 2018]; root of context hierarchy
[2m2018-06-25 10:26:57[0;39m [32m INFO[0;39m [35m4404[0;39m [2m---[0;39m [2m[           main][0;39m [36mo.s.w.s.handler.SimpleUrlHandlerMapping [0;39m [2m:[0;39m Mapped URL path [/webjars/**] onto handler of type [class org.springframework.web.servlet.resource.ResourceHttpRequestHandler]
[2m2018-06-25 10:26:57[0;39m [32m INFO[0;39m [35m4404[0;39m [2m---[0;39m [2m[           main][0;39m [36mo.s.w.s.handler.SimpleUrlHandlerMapping [0;39m [2m:[0;39m Mapped URL path [/**] onto handler of type [class org.springframework.web.servlet.resource.ResourceHttpRequestHandler]
[2m2018-06-25 10:26:57[0;39m [32m INFO[0;39m [35m4404[0;39m [2m---[0;39m [2m[           main][0;39m [36m.m.m.a.ExceptionHandlerExceptionResolver[0;39m [2m:[0;39m Detected @ExceptionHandler methods in commonExceptionHandler
[2m2018-06-25 10:26:58[0;39m [32m INFO[0;39m [35m4404[0;39m [2m---[0;39m [2m[           main][0;39m [36mo.s.w.s.handler.SimpleUrlHandlerMapping [0;39m [2m:[0;39m Mapped URL path [/**/favicon.ico] onto handler of type [class org.springframework.web.servlet.resource.ResourceHttpRequestHandler]
[2m2018-06-25 10:26:58[0;39m [32m INFO[0;39m [35m4404[0;39m [2m---[0;39m [2m[           main][0;39m [36moConfiguration$WelcomePageHandlerMapping[0;39m [2m:[0;39m Adding welcome page: class path resource [static/index.html]
[2m2018-06-25 10:26:59[0;39m [32m INFO[0;39m [35m4404[0;39m [2m---[0;39m [2m[           main][0;39m [36mo.s.s.web.DefaultSecurityFilterChain    [0;39m [2m:[0;39m Creating filter chain: OrRequestMatcher [requestMatchers=[Ant [pattern='/**'], Ant [pattern='/error']]], []
[2m2018-06-25 10:26:59[0;39m [32m INFO[0;39m [35m4404[0;39m [2m---[0;39m [2m[           main][0;39m [36mo.s.s.web.DefaultSecurityFilterChain    [0;39m [2m:[0;39m Creating filter chain: Ant [pattern='/h2/**'], [org.springframework.security.web.context.request.async.WebAsyncManagerIntegrationFilter@75784062, org.springframework.security.web.context.SecurityContextPersistenceFilter@7a0f43dc, org.springframework.security.web.header.HeaderWriterFilter@5cdc8499, org.springframework.security.web.authentication.logout.LogoutFilter@4b9ed99d, org.springframework.security.web.authentication.www.BasicAuthenticationFilter@7a51dc38, org.springframework.security.web.savedrequest.RequestCacheAwareFilter@7a71ebf1, org.springframework.security.web.servletapi.SecurityContextHolderAwareRequestFilter@b548f51, org.springframework.security.web.authentication.AnonymousAuthenticationFilter@5730b513, org.springframework.security.web.session.SessionManagementFilter@72bdbfe9, org.springframework.security.web.access.ExceptionTranslationFilter@4e933cf1, org.springframework.security.web.access.intercept.FilterSecurityInterceptor@4abdd5e]
[2m2018-06-25 10:26:59[0;39m [32m INFO[0;39m [35m4404[0;39m [2m---[0;39m [2m[           main][0;39m [36mo.s.s.web.DefaultSecurityFilterChain    [0;39m [2m:[0;39m Creating filter chain: OrRequestMatcher [requestMatchers=[Ant [pattern='/**']]], [org.springframework.security.web.context.request.async.WebAsyncManagerIntegrationFilter@2bda7a5b, org.springframework.security.web.context.SecurityContextPersistenceFilter@55a66bbf, org.springframework.security.web.header.HeaderWriterFilter@1d535b78, org.springframework.security.web.authentication.logout.LogoutFilter@31859960, org.springframework.security.web.authentication.www.BasicAuthenticationFilter@5718e77c, org.springframework.security.web.savedrequest.RequestCacheAwareFilter@7f02b2d4, org.springframework.security.web.servletapi.SecurityContextHolderAwareRequestFilter@780dbed7, org.springframework.security.web.authentication.AnonymousAuthenticationFilter@47374fa5, org.springframework.security.web.session.SessionManagementFilter@35cf91df, org.springframework.security.web.access.ExceptionTranslationFilter@1c66cd02, org.springframework.security.web.access.intercept.FilterSecurityInterceptor@2568611c]
[2m2018-06-25 10:27:00[0;39m [32m INFO[0;39m [35m4404[0;39m [2m---[0;39m [2m[           main][0;39m [36mo.s.j.e.a.AnnotationMBeanExporter       [0;39m [2m:[0;39m Registering beans for JMX exposure on startup
[2m2018-06-25 10:27:00[0;39m [32m INFO[0;39m [35m4404[0;39m [2m---[0;39m [2m[           main][0;39m [36mo.s.j.e.a.AnnotationMBeanExporter       [0;39m [2m:[0;39m Bean with name 'dataSource' has been autodetected for JMX exposure
[2m2018-06-25 10:27:00[0;39m [32m INFO[0;39m [35m4404[0;39m [2m---[0;39m [2m[           main][0;39m [36mo.s.j.e.a.AnnotationMBeanExporter       [0;39m [2m:[0;39m Located MBean 'dataSource': registering with JMX server as MBean [com.zaxxer.hikari:name=dataSource,type=HikariDataSource]
[2m2018-06-25 10:27:00[0;39m [32m INFO[0;39m [35m4404[0;39m [2m---[0;39m [2m[           main][0;39m [36mo.s.c.support.DefaultLifecycleProcessor [0;39m [2m:[0;39m Starting beans in phase 2147483647
[2m2018-06-25 10:27:00[0;39m [32m INFO[0;39m [35m4404[0;39m [2m---[0;39m [2m[           main][0;39m [36md.s.w.p.DocumentationPluginsBootstrapper[0;39m [2m:[0;39m Context refreshed
[2m2018-06-25 10:27:00[0;39m [32m INFO[0;39m [35m4404[0;39m [2m---[0;39m [2m[           main][0;39m [36md.s.w.p.DocumentationPluginsBootstrapper[0;39m [2m:[0;39m Found 1 custom documentation plugin(s)
[2m2018-06-25 10:27:00[0;39m [32m INFO[0;39m [35m4404[0;39m [2m---[0;39m [2m[           main][0;39m [36ms.d.s.w.s.ApiListingReferenceScanner    [0;39m [2m:[0;39m Scanning for api listing references
[2m2018-06-25 10:27:00[0;39m [32m INFO[0;39m [35m4404[0;39m [2m---[0;39m [2m[           main][0;39m [36ms.b.c.e.t.TomcatEmbeddedServletContainer[0;39m [2m:[0;39m Tomcat started on port(s): 8585 (http)
[2m2018-06-25 10:27:00[0;39m [32m INFO[0;39m [35m4404[0;39m [2m---[0;39m [2m[           main][0;39m [36mcom.employee.EmployeeApplication        [0;39m [2m:[0;39m Started EmployeeApplication in 17.459 seconds (JVM running for 18.621)
[2m2018-06-25 10:33:05[0;39m [32m INFO[0;39m [35m4404[0;39m [2m---[0;39m [2m[nio-8585-exec-1][0;39m [36mo.a.c.c.C.[Tomcat].[localhost].[/]      [0;39m [2m:[0;39m Initializing Spring FrameworkServlet 'dispatcherServlet'
[2m2018-06-25 10:33:05[0;39m [32m INFO[0;39m [35m4404[0;39m [2m---[0;39m [2m[nio-8585-exec-1][0;39m [36mo.s.web.servlet.DispatcherServlet       [0;39m [2m:[0;39m FrameworkServlet 'dispatcherServlet': initialization started
[2m2018-06-25 10:33:05[0;39m [32m INFO[0;39m [35m4404[0;39m [2m---[0;39m [2m[nio-8585-exec-1][0;39m [36mo.s.web.servlet.DispatcherServlet       [0;39m [2m:[0;39m FrameworkServlet 'dispatcherServlet': initialization completed in 98 ms
[2m2018-06-25 10:33:09[0;39m [32m INFO[0;39m [35m4404[0;39m [2m---[0;39m [2m[nio-8585-exec-7][0;39m [36mc.employee.common.aspect.LoggingAspect  [0;39m [2m:[0;39m ++++++++Entering: Method signature++++++++ 
public org.springframework.http.ResponseEntity springfox.documentation.swagger.web.ApiResourceController.uiConfiguration() at: Mon Jun 25 10:33:09 IST 2018
[2m2018-06-25 10:33:09[0;39m [32m INFO[0;39m [35m4404[0;39m [2m---[0;39m [2m[nio-8585-exec-7][0;39m [36mc.employee.common.aspect.LoggingAspect  [0;39m [2m:[0;39m ++++++++ Exiting : method signature++++++++  
public org.springframework.http.ResponseEntity springfox.documentation.swagger.web.ApiResourceController.uiConfiguration()  at: Mon Jun 25 10:33:09 IST 2018
[2m2018-06-25 10:33:09[0;39m [32m INFO[0;39m [35m4404[0;39m [2m---[0;39m [2m[nio-8585-exec-7][0;39m [36mc.employee.common.aspect.LoggingAspect  [0;39m [2m:[0;39m ++++++++ method signature public org.springframework.http.ResponseEntity springfox.documentation.swagger.web.ApiResourceController.uiConfiguration() took 0.008 seconds
[2m2018-06-25 10:33:09[0;39m [32m INFO[0;39m [35m4404[0;39m [2m---[0;39m [2m[nio-8585-exec-8][0;39m [36mc.employee.common.aspect.LoggingAspect  [0;39m [2m:[0;39m ++++++++Entering: Method signature++++++++ 
public org.springframework.http.ResponseEntity springfox.documentation.swagger.web.ApiResourceController.swaggerResources() at: Mon Jun 25 10:33:09 IST 2018
[2m2018-06-25 10:33:09[0;39m [32m INFO[0;39m [35m4404[0;39m [2m---[0;39m [2m[nio-8585-exec-8][0;39m [36mc.employee.common.aspect.LoggingAspect  [0;39m [2m:[0;39m ++++++++ Exiting : method signature++++++++  
public org.springframework.http.ResponseEntity springfox.documentation.swagger.web.ApiResourceController.swaggerResources()  at: Mon Jun 25 10:33:09 IST 2018
[2m2018-06-25 10:33:09[0;39m [32m INFO[0;39m [35m4404[0;39m [2m---[0;39m [2m[nio-8585-exec-8][0;39m [36mc.employee.common.aspect.LoggingAspect  [0;39m [2m:[0;39m ++++++++ method signature public org.springframework.http.ResponseEntity springfox.documentation.swagger.web.ApiResourceController.swaggerResources() took 0.001 seconds
[2m2018-06-25 10:33:10[0;39m [32m INFO[0;39m [35m4404[0;39m [2m---[0;39m [2m[nio-8585-exec-1][0;39m [36mc.employee.common.aspect.LoggingAspect  [0;39m [2m:[0;39m ++++++++Entering: Method signature++++++++ 
public org.springframework.http.ResponseEntity springfox.documentation.swagger.web.ApiResourceController.securityConfiguration() at: Mon Jun 25 10:33:10 IST 2018
[2m2018-06-25 10:33:10[0;39m [32m INFO[0;39m [35m4404[0;39m [2m---[0;39m [2m[nio-8585-exec-1][0;39m [36mc.employee.common.aspect.LoggingAspect  [0;39m [2m:[0;39m ++++++++ Exiting : method signature++++++++  
public org.springframework.http.ResponseEntity springfox.documentation.swagger.web.ApiResourceController.securityConfiguration()  at: Mon Jun 25 10:33:10 IST 2018
[2m2018-06-25 10:33:10[0;39m [32m INFO[0;39m [35m4404[0;39m [2m---[0;39m [2m[nio-8585-exec-1][0;39m [36mc.employee.common.aspect.LoggingAspect  [0;39m [2m:[0;39m ++++++++ method signature public org.springframework.http.ResponseEntity springfox.documentation.swagger.web.ApiResourceController.securityConfiguration() took 0.002 seconds
[2m2018-06-25 10:33:19[0;39m [32m INFO[0;39m [35m4404[0;39m [2m---[0;39m [2m[nio-8585-exec-6][0;39m [36mc.employee.common.aspect.LoggingAspect  [0;39m [2m:[0;39m ++++++++Entering: Method signature++++++++ 
public org.springframework.http.ResponseEntity springfox.documentation.swagger.web.ApiResourceController.uiConfiguration() at: Mon Jun 25 10:33:19 IST 2018
[2m2018-06-25 10:33:19[0;39m [32m INFO[0;39m [35m4404[0;39m [2m---[0;39m [2m[nio-8585-exec-6][0;39m [36mc.employee.common.aspect.LoggingAspect  [0;39m [2m:[0;39m ++++++++ Exiting : method signature++++++++  
public org.springframework.http.ResponseEntity springfox.documentation.swagger.web.ApiResourceController.uiConfiguration()  at: Mon Jun 25 10:33:19 IST 2018
[2m2018-06-25 10:33:19[0;39m [32m INFO[0;39m [35m4404[0;39m [2m---[0;39m [2m[nio-8585-exec-6][0;39m [36mc.employee.common.aspect.LoggingAspect  [0;39m [2m:[0;39m ++++++++ method signature public org.springframework.http.ResponseEntity springfox.documentation.swagger.web.ApiResourceController.uiConfiguration() took 0.001 seconds
[2m2018-06-25 10:33:19[0;39m [32m INFO[0;39m [35m4404[0;39m [2m---[0;39m [2m[nio-8585-exec-3][0;39m [36mc.employee.common.aspect.LoggingAspect  [0;39m [2m:[0;39m ++++++++Entering: Method signature++++++++ 
public org.springframework.http.ResponseEntity springfox.documentation.swagger.web.ApiResourceController.swaggerResources() at: Mon Jun 25 10:33:19 IST 2018
[2m2018-06-25 10:33:19[0;39m [32m INFO[0;39m [35m4404[0;39m [2m---[0;39m [2m[nio-8585-exec-3][0;39m [36mc.employee.common.aspect.LoggingAspect  [0;39m [2m:[0;39m ++++++++ Exiting : method signature++++++++  
public org.springframework.http.ResponseEntity springfox.documentation.swagger.web.ApiResourceController.swaggerResources()  at: Mon Jun 25 10:33:19 IST 2018
[2m2018-06-25 10:33:19[0;39m [32m INFO[0;39m [35m4404[0;39m [2m---[0;39m [2m[nio-8585-exec-3][0;39m [36mc.employee.common.aspect.LoggingAspect  [0;39m [2m:[0;39m ++++++++ method signature public org.springframework.http.ResponseEntity springfox.documentation.swagger.web.ApiResourceController.swaggerResources() took 0.001 seconds
[2m2018-06-25 10:33:19[0;39m [32m INFO[0;39m [35m4404[0;39m [2m---[0;39m [2m[nio-8585-exec-4][0;39m [36mc.employee.common.aspect.LoggingAspect  [0;39m [2m:[0;39m ++++++++Entering: Method signature++++++++ 
public org.springframework.http.ResponseEntity springfox.documentation.swagger.web.ApiResourceController.securityConfiguration() at: Mon Jun 25 10:33:19 IST 2018
[2m2018-06-25 10:33:19[0;39m [32m INFO[0;39m [35m4404[0;39m [2m---[0;39m [2m[nio-8585-exec-4][0;39m [36mc.employee.common.aspect.LoggingAspect  [0;39m [2m:[0;39m ++++++++ Exiting : method signature++++++++  
public org.springframework.http.ResponseEntity springfox.documentation.swagger.web.ApiResourceController.securityConfiguration()  at: Mon Jun 25 10:33:19 IST 2018
[2m2018-06-25 10:33:19[0;39m [32m INFO[0;39m [35m4404[0;39m [2m---[0;39m [2m[nio-8585-exec-4][0;39m [36mc.employee.common.aspect.LoggingAspect  [0;39m [2m:[0;39m ++++++++ method signature public org.springframework.http.ResponseEntity springfox.documentation.swagger.web.ApiResourceController.securityConfiguration() took 0.0 seconds
[2m2018-06-25 10:33:27[0;39m [32m INFO[0;39m [35m4404[0;39m [2m---[0;39m [2m[nio-8585-exec-9][0;39m [36mc.employee.common.aspect.LoggingAspect  [0;39m [2m:[0;39m ++++++++Entering: Method signature++++++++ 
public java.util.List com.employee.controller.EmployeeController.getEmployeesEntry(javax.servlet.http.HttpServletRequest) at: Mon Jun 25 10:33:27 IST 2018
[2m2018-06-25 10:33:27[0;39m [32m INFO[0;39m [35m4404[0;39m [2m---[0;39m [2m[nio-8585-exec-9][0;39m [36mc.employee.common.aspect.LoggingAspect  [0;39m [2m:[0;39m ++++++++ Exiting : method signature++++++++  
public java.util.List com.employee.controller.EmployeeController.getEmployeesEntry(javax.servlet.http.HttpServletRequest)  at: Mon Jun 25 10:33:27 IST 2018
[2m2018-06-25 10:33:27[0;39m [32m INFO[0;39m [35m4404[0;39m [2m---[0;39m [2m[nio-8585-exec-9][0;39m [36mc.employee.common.aspect.LoggingAspect  [0;39m [2m:[0;39m ++++++++ method signature public java.util.List com.employee.controller.EmployeeController.getEmployeesEntry(javax.servlet.http.HttpServletRequest) took 0.408 seconds
[2m2018-06-25 10:33:56[0;39m [32m INFO[0;39m [35m4404[0;39m [2m---[0;39m [2m[n(15)-127.0.0.1][0;39m [36minMXBeanRegistrar$SpringApplicationAdmin[0;39m [2m:[0;39m Application shutdown requested.
[2m2018-06-25 10:33:56[0;39m [32m INFO[0;39m [35m4404[0;39m [2m---[0;39m [2m[n(15)-127.0.0.1][0;39m [36mationConfigEmbeddedWebApplicationContext[0;39m [2m:[0;39m Closing org.springframework.boot.context.embedded.AnnotationConfigEmbeddedWebApplicationContext@79d8407f: startup date [Mon Jun 25 10:26:44 IST 2018]; root of context hierarchy
[2m2018-06-25 10:33:56[0;39m [32m INFO[0;39m [35m4404[0;39m [2m---[0;39m [2m[n(15)-127.0.0.1][0;39m [36mo.s.c.support.DefaultLifecycleProcessor [0;39m [2m:[0;39m Stopping beans in phase 2147483647
[2m2018-06-25 10:33:56[0;39m [32m INFO[0;39m [35m4404[0;39m [2m---[0;39m [2m[n(15)-127.0.0.1][0;39m [36mo.s.j.e.a.AnnotationMBeanExporter       [0;39m [2m:[0;39m Unregistering JMX-exposed beans on shutdown
[2m2018-06-25 10:33:56[0;39m [32m INFO[0;39m [35m4404[0;39m [2m---[0;39m [2m[n(15)-127.0.0.1][0;39m [36mo.s.j.e.a.AnnotationMBeanExporter       [0;39m [2m:[0;39m Unregistering JMX-exposed beans
[2m2018-06-25 10:33:56[0;39m [32m INFO[0;39m [35m4404[0;39m [2m---[0;39m [2m[n(15)-127.0.0.1][0;39m [36mj.LocalContainerEntityManagerFactoryBean[0;39m [2m:[0;39m Closing JPA EntityManagerFactory for persistence unit 'default'
[2m2018-06-25 10:33:56[0;39m [32m INFO[0;39m [35m4404[0;39m [2m---[0;39m [2m[n(15)-127.0.0.1][0;39m [36morg.hibernate.tool.hbm2ddl.SchemaExport [0;39m [2m:[0;39m HHH000227: Running hbm2ddl schema export
[2m2018-06-25 10:33:56[0;39m [32m INFO[0;39m [35m4404[0;39m [2m---[0;39m [2m[n(15)-127.0.0.1][0;39m [36morg.hibernate.tool.hbm2ddl.SchemaExport [0;39m [2m:[0;39m HHH000230: Schema export complete
[2m2018-06-25 10:33:56[0;39m [32m INFO[0;39m [35m4404[0;39m [2m---[0;39m [2m[n(15)-127.0.0.1][0;39m [36mcom.zaxxer.hikari.pool.HikariPool       [0;39m [2m:[0;39m HikariPool-1 - Close initiated...
[2m2018-06-25 10:33:56[0;39m [32m INFO[0;39m [35m4404[0;39m [2m---[0;39m [2m[n(15)-127.0.0.1][0;39m [36mcom.zaxxer.hikari.pool.HikariPool       [0;39m [2m:[0;39m HikariPool-1 - Closed.
